<?xml version="1.0" encoding="UTF-8"?>
<!-- Generated by org.testng.reporters.JUnitReportReporter -->
<testsuite hostname="DESKTOP-9IB47DV" failures="0" tests="2" name="cucumber.TestNGTestRunner" time="24.983" errors="0" timestamp="2025-03-21T13:35:20 EDT" skipped="0">
  <testcase classname="cucumber.TestNGTestRunner" name="runScenario" time="10.058"/>
  <testcase classname="cucumber.TestNGTestRunner" name="runScenario" time="14.925"/>
</testsuite> <!-- cucumber.TestNGTestRunner -->
