<?xml version="1.0" encoding="UTF-8"?>
<!-- Generated by org.testng.reporters.JUnitReportReporter -->
<testsuite hostname="DESKTOP-9IB47DV" failures="0" tests="3" name="learningAutomation.tests.SubmitOrderTest" time="91.763" errors="0" timestamp="2025-03-21T19:43:56 EDT" skipped="0">
  <testcase classname="learningAutomation.tests.SubmitOrderTest" name="orderHistoryTest" time="13.633"/>
  <testcase classname="learningAutomation.tests.SubmitOrderTest" name="submitOrder" time="30.073"/>
  <testcase classname="learningAutomation.tests.SubmitOrderTest" name="submitOrder" time="48.057"/>
</testsuite> <!-- learningAutomation.tests.SubmitOrderTest -->
