<?xml version="1.0" encoding="UTF-8"?>
<!-- Generated by org.testng.reporters.JUnitReportReporter -->
<testsuite hostname="DESKTOP-9IB47DV" failures="0" tests="1" name="cucumber.TestNGTestRunner" time="22.595" errors="0" timestamp="2025-03-21T14:03:10 EDT" skipped="0">
  <testcase classname="cucumber.TestNGTestRunner" name="runScenario" time="22.595"/>
</testsuite> <!-- cucumber.TestNGTestRunner -->
