<?xml version="1.0" encoding="UTF-8"?>
<!-- Generated by org.testng.reporters.JUnitReportReporter -->
<testsuite hostname="DESKTOP-9IB47DV" failures="0" tests="2" name="learningAutomation.tests.ErrorValidationsTest" time="70.652" errors="0" timestamp="2025-03-21T19:43:56 EDT" skipped="0">
  <testcase classname="learningAutomation.tests.ErrorValidationsTest" name="LoginErrorValidation" time="32.456"/>
  <testcase classname="learningAutomation.tests.ErrorValidationsTest" name="ProductErrorValidation" time="38.196"/>
</testsuite> <!-- learningAutomation.tests.ErrorValidationsTest -->
